<?xml version="1.0" encoding="UTF-8"?>
<!-- Generated by org.testng.reporters.JUnitReportReporter -->
<testsuite skipped="0" hostname="Vaibhav4342-01" name="com.demo.qa.testcases.LoginPageTest" tests="1" failures="0" timestamp="2020-02-05T13:04:46 IST" time="17.011" errors="0">
  <testcase name="loginPageTitleTest" time="17.011" classname="com.demo.qa.testcases.LoginPageTest"/>
</testsuite> <!-- com.demo.qa.testcases.LoginPageTest -->
